<?xml version="1.0" encoding="UTF-8"?>
<!-- Generated by org.testng.reporters.JUnitXMLReporter -->
<testsuite hostname="RDMV-PC" ignored="0" name="Default test" tests="3" failures="0" timestamp="25 Aug 2019 15:16:40 GMT" time="42.432" errors="0">
  <testcase name="login" time="2.997" classname="com.mindtree.sravan.TestCase2"/>
  <testcase name="login" time="3.127" classname="com.mindtree.sravan.TestCase2"/>
  <testcase name="login" time="3.213" classname="com.mindtree.sravan.TestCase2"/>
</testsuite> <!-- Default test -->
